  Console_ATM.cpp
C:\Users\huzai\source\repos\Console_Bank\Console_Bank\ReadInput.h(3,11): warning C4067: unexpected tokens following preprocessor directive - expected a newline
C:\Users\huzai\source\repos\Console_Bank\Console_Bank\ReadInput.h(4,11): warning C4067: unexpected tokens following preprocessor directive - expected a newline
C:\Users\huzai\source\repos\Console_Bank\Console_Bank\Console_ATM.cpp(27,24): warning C4267: '=': conversion from 'size_t' to 'short', possible loss of data
C:\Users\huzai\source\repos\Console_Bank\Console_Bank\Console_ATM.cpp(116,31): warning C4244: 'argument': conversion from 'short' to 'const _Elem', possible loss of data
          with
          [
              _Elem=char
          ]
Console_Bank.obj : error LNK2005: "short __cdecl FindClient(class std::basic_string<char,struct std::char_traits<char>,class std::allocator<char> >)" (?FindClient@@YAFV?$basic_string@DU?$char_traits@D@std@@V?$allocator@D@2@@std@@@Z) already defined in Console_ATM.obj
Console_Bank.obj : error LNK2005: "class std::vector<struct stClientData,class std::allocator<struct stClientData> > __cdecl LoadFileToVector_stClientData(class std::basic_string<char,struct std::char_traits<char>,class std::allocator<char> >)" (?LoadFileToVector_stClientData@@YA?AV?$vector@UstClientData@@V?$allocator@UstClientData@@@std@@@std@@V?$basic_string@DU?$char_traits@D@std@@V?$allocator@D@2@@2@@Z) already defined in Console_ATM.obj
Console_Bank.obj : error LNK2005: "void __cdecl Login(void)" (?Login@@YAXXZ) already defined in Console_ATM.obj
Console_Bank.obj : error LNK2005: "char __cdecl ReadInput::ReadChar(class std::basic_string<char,struct std::char_traits<char>,class std::allocator<char> >)" (?ReadChar@ReadInput@@YADV?$basic_string@DU?$char_traits@D@std@@V?$allocator@D@2@@std@@@Z) already defined in Console_ATM.obj
Console_Bank.obj : error LNK2005: "float __cdecl ReadInput::ReadFLoat(class std::basic_string<char,struct std::char_traits<char>,class std::allocator<char> >)" (?ReadFLoat@ReadInput@@YAMV?$basic_string@DU?$char_traits@D@std@@V?$allocator@D@2@@std@@@Z) already defined in Console_ATM.obj
Console_Bank.obj : error LNK2005: "float __cdecl ReadInput::ReadFLoat(class std::basic_string<char,struct std::char_traits<char>,class std::allocator<char> >,int,int,class std::basic_string<char,struct std::char_traits<char>,class std::allocator<char> >)" (?ReadFLoat@ReadInput@@YAMV?$basic_string@DU?$char_traits@D@std@@V?$allocator@D@2@@std@@HH0@Z) already defined in Console_ATM.obj
Console_Bank.obj : error LNK2005: "int __cdecl ReadInput::ReadInt(class std::basic_string<char,struct std::char_traits<char>,class std::allocator<char> >)" (?ReadInt@ReadInput@@YAHV?$basic_string@DU?$char_traits@D@std@@V?$allocator@D@2@@std@@@Z) already defined in Console_ATM.obj
Console_Bank.obj : error LNK2005: "int __cdecl ReadInput::ReadInt(class std::basic_string<char,struct std::char_traits<char>,class std::allocator<char> >,int,int,class std::basic_string<char,struct std::char_traits<char>,class std::allocator<char> >)" (?ReadInt@ReadInput@@YAHV?$basic_string@DU?$char_traits@D@std@@V?$allocator@D@2@@std@@HH0@Z) already defined in Console_ATM.obj
Console_Bank.obj : error LNK2005: "float __cdecl ReadInput::ReadPositiveFloat(class std::basic_string<char,struct std::char_traits<char>,class std::allocator<char> >)" (?ReadPositiveFloat@ReadInput@@YAMV?$basic_string@DU?$char_traits@D@std@@V?$allocator@D@2@@std@@@Z) already defined in Console_ATM.obj
Console_Bank.obj : error LNK2005: "float __cdecl ReadInput::ReadPositiveFloat(class std::basic_string<char,struct std::char_traits<char>,class std::allocator<char> >,int,int,class std::basic_string<char,struct std::char_traits<char>,class std::allocator<char> >)" (?ReadPositiveFloat@ReadInput@@YAMV?$basic_string@DU?$char_traits@D@std@@V?$allocator@D@2@@std@@HH0@Z) already defined in Console_ATM.obj
Console_Bank.obj : error LNK2005: "int __cdecl ReadInput::ReadPositiveInt(class std::basic_string<char,struct std::char_traits<char>,class std::allocator<char> >)" (?ReadPositiveInt@ReadInput@@YAHV?$basic_string@DU?$char_traits@D@std@@V?$allocator@D@2@@std@@@Z) already defined in Console_ATM.obj
Console_Bank.obj : error LNK2005: "int __cdecl ReadInput::ReadPositiveInt(class std::basic_string<char,struct std::char_traits<char>,class std::allocator<char> >,int,int,class std::basic_string<char,struct std::char_traits<char>,class std::allocator<char> >)" (?ReadPositiveInt@ReadInput@@YAHV?$basic_string@DU?$char_traits@D@std@@V?$allocator@D@2@@std@@HH0@Z) already defined in Console_ATM.obj
Console_Bank.obj : error LNK2005: "short __cdecl ReadInput::ReadPositiveShort(class std::basic_string<char,struct std::char_traits<char>,class std::allocator<char> >)" (?ReadPositiveShort@ReadInput@@YAFV?$basic_string@DU?$char_traits@D@std@@V?$allocator@D@2@@std@@@Z) already defined in Console_ATM.obj
Console_Bank.obj : error LNK2005: "short __cdecl ReadInput::ReadPositiveShort(class std::basic_string<char,struct std::char_traits<char>,class std::allocator<char> >,int,int,class std::basic_string<char,struct std::char_traits<char>,class std::allocator<char> >)" (?ReadPositiveShort@ReadInput@@YAFV?$basic_string@DU?$char_traits@D@std@@V?$allocator@D@2@@std@@HH0@Z) already defined in Console_ATM.obj
Console_Bank.obj : error LNK2005: "short __cdecl ReadInput::ReadShort(class std::basic_string<char,struct std::char_traits<char>,class std::allocator<char> >)" (?ReadShort@ReadInput@@YAFV?$basic_string@DU?$char_traits@D@std@@V?$allocator@D@2@@std@@@Z) already defined in Console_ATM.obj
Console_Bank.obj : error LNK2005: "short __cdecl ReadInput::ReadShort(class std::basic_string<char,struct std::char_traits<char>,class std::allocator<char> >,int,int,class std::basic_string<char,struct std::char_traits<char>,class std::allocator<char> >)" (?ReadShort@ReadInput@@YAFV?$basic_string@DU?$char_traits@D@std@@V?$allocator@D@2@@std@@HH0@Z) already defined in Console_ATM.obj
Console_Bank.obj : error LNK2005: "class std::basic_string<char,struct std::char_traits<char>,class std::allocator<char> > __cdecl ReadInput::ReadString(class std::basic_string<char,struct std::char_traits<char>,class std::allocator<char> >)" (?ReadString@ReadInput@@YA?AV?$basic_string@DU?$char_traits@D@std@@V?$allocator@D@2@@std@@V23@@Z) already defined in Console_ATM.obj
Console_Bank.obj : error LNK2005: "struct stClientData __cdecl RecordLineTo_stClientData(class std::basic_string<char,struct std::char_traits<char>,class std::allocator<char> >,class std::basic_string<char,struct std::char_traits<char>,class std::allocator<char> >)" (?RecordLineTo_stClientData@@YA?AUstClientData@@V?$basic_string@DU?$char_traits@D@std@@V?$allocator@D@2@@std@@0@Z) already defined in Console_ATM.obj
Console_Bank.obj : error LNK2005: "class std::vector<class std::basic_string<char,struct std::char_traits<char>,class std::allocator<char> >,class std::allocator<class std::basic_string<char,struct std::char_traits<char>,class std::allocator<char> > > > __cdecl SplitString(class std::basic_string<char,struct std::char_traits<char>,class std::allocator<char> >,class std::basic_string<char,struct std::char_traits<char>,class std::allocator<char> >)" (?SplitString@@YA?AV?$vector@V?$basic_string@DU?$char_traits@D@std@@V?$allocator@D@2@@std@@V?$allocator@V?$basic_string@DU?$char_traits@D@std@@V?$allocator@D@2@@std@@@2@@std@@V?$basic_string@DU?$char_traits@D@std@@V?$allocator@D@2@@2@0@Z) already defined in Console_ATM.obj
Console_Bank.obj : error LNK2005: "bool __cdecl ReadInput::YesOrNo(class std::basic_string<char,struct std::char_traits<char>,class std::allocator<char> >)" (?YesOrNo@ReadInput@@YA_NV?$basic_string@DU?$char_traits@D@std@@V?$allocator@D@2@@std@@@Z) already defined in Console_ATM.obj
Console_Bank.obj : error LNK2005: main already defined in Console_ATM.obj
C:\Users\huzai\source\repos\Console_Bank\x64\Debug\Console_Bank.exe : fatal error LNK1169: one or more multiply defined symbols found
